2025-02-19 15:55:18,368 - INFO - Login Success username: 12345
2025-02-19 15:55:18,368 - INFO - Login Success username: 12345
2025-02-19 15:55:27,638 - INFO - Edit Success UserId: 162d04a0-4c53-4c59-b02f-505a16b5ed25
2025-02-19 15:55:27,638 - INFO - Edit Success UserId: 162d04a0-4c53-4c59-b02f-505a16b5ed25
2025-02-19 22:07:46,512 - INFO - Login Success username : 12345
2025-02-19 22:07:46,512 - INFO - Login Success username : 12345
2025-02-19 22:10:52,941 - INFO - Login Success username : 12345
2025-02-19 22:10:52,941 - INFO - Login Success username : 12345
2025-02-19 22:12:56,950 - INFO - Login Success username : 12345
2025-02-19 22:12:56,950 - INFO - Login Success username : 12345
2025-02-19 22:14:38,275 - INFO - Login Success username : 12345
2025-02-19 22:14:38,275 - INFO - Login Success username : 12345
2025-02-19 22:21:04,370 - INFO - Login Success username : 12345
2025-02-19 22:21:04,370 - INFO - Login Success username : 12345
2025-02-19 22:25:14,430 - INFO - Login Success username : 12345
2025-02-19 22:25:14,430 - INFO - Login Success username : 12345
2025-02-19 22:26:12,827 - INFO - Login Success username : 12345
2025-02-19 22:26:12,827 - INFO - Login Success username : 12345
2025-02-19 22:29:37,750 - INFO - Login Success username : 12345
2025-02-19 22:29:37,750 - INFO - Login Success username : 12345
2025-02-20 01:00:02,045 - INFO - Login Success username : 12345
2025-02-20 01:00:02,045 - INFO - Login Success username : 12345
2025-02-22 19:17:46,989 - INFO - Login Success username : op2
2025-02-22 19:17:46,989 - INFO - Login Success username : op2
2025-02-22 19:20:18,903 - INFO - Login Success username : op2
2025-02-22 19:20:18,903 - INFO - Login Success username : op2
2025-02-22 19:37:51,912 - INFO - Login Success username : op2
2025-02-22 19:37:51,912 - INFO - Login Success username : op2
2025-02-23 15:45:27,194 - INFO - Login Success username : op2
2025-02-23 15:45:27,194 - INFO - Login Success username : op2
2025-02-23 15:45:27,194 - INFO - Login Success username : op2
2025-02-23 15:48:16,361 - INFO - Login Unsuccess username : op2
2025-02-23 15:48:16,361 - INFO - Login Unsuccess username : op2
2025-02-23 15:48:16,361 - INFO - Login Unsuccess username : op2
2025-02-23 15:48:18,344 - INFO - Login Success username : op2
2025-02-23 15:48:18,344 - INFO - Login Success username : op2
2025-02-23 15:48:18,344 - INFO - Login Success username : op2
2025-02-23 15:48:48,292 - INFO - Login Success username : op2
2025-02-23 15:48:48,292 - INFO - Login Success username : op2
2025-02-23 15:48:48,292 - INFO - Login Success username : op2
2025-02-23 15:52:29,744 - INFO - Login Success username : op2
2025-02-23 15:52:29,744 - INFO - Login Success username : op2
2025-02-23 15:52:29,744 - INFO - Login Success username : op2
2025-02-23 15:52:54,831 - INFO - Login Success username : op2
2025-02-23 15:52:54,831 - INFO - Login Success username : op2
2025-02-23 15:52:54,831 - INFO - Login Success username : op2
2025-02-23 15:53:50,948 - INFO - Login Success username : op2
2025-02-23 15:53:50,948 - INFO - Login Success username : op2
2025-02-23 15:53:50,948 - INFO - Login Success username : op2
2025-02-23 15:56:23,335 - INFO - Login Success username : op2
2025-02-23 15:56:23,335 - INFO - Login Success username : op2
2025-02-23 15:56:23,335 - INFO - Login Success username : op2
2025-02-23 16:07:15,255 - INFO - Login Success username : op2
2025-02-23 16:29:41,261 - INFO - Login Success username : op2
2025-02-23 16:30:12,568 - INFO - Login Success username : op2
2025-02-23 16:31:11,105 - INFO - Login Success username : op2
2025-02-23 16:35:54,285 - INFO - Login Success username : op2
2025-02-23 16:37:06,451 - INFO - Login Success username : op2
2025-02-23 16:54:33,898 - INFO - Login Success username : op2
2025-02-23 17:05:50,001 - INFO - Login Success username : op2
2025-02-23 19:38:27,746 - INFO - Login Success username : op2
2025-02-23 19:57:19,968 - INFO - Login Success username : op2
2025-02-23 19:58:27,004 - INFO - Login Success username : op2
2025-02-23 22:37:51,549 - INFO - Login Success username : op2
2025-02-23 22:41:38,988 - INFO - Login Success username : op2
2025-02-23 22:48:18,549 - INFO - Login Success username : op2
2025-02-23 22:49:01,351 - INFO - Login Success username : op2
2025-02-23 22:50:40,929 - INFO - Login Success username : op2
2025-02-23 22:56:03,769 - INFO - Login Success username : op2
2025-02-23 22:57:16,841 - INFO - Login Success username : op2
2025-02-23 22:57:38,147 - INFO - Login Success username : op2
2025-02-23 22:57:56,027 - INFO - Login Success username : op2
2025-02-23 23:00:28,175 - INFO - Login Success username : op2
2025-02-23 23:01:59,442 - INFO - Login Success username : op2
2025-02-23 23:02:30,347 - INFO - Login Success username : op2
2025-02-23 23:04:20,598 - INFO - Login Success username : op2
2025-02-23 23:06:29,257 - INFO - Login Success username : op2
2025-02-23 23:07:03,769 - INFO - Login Success username : op2
2025-02-23 23:10:27,485 - INFO - Login Success username : op2
2025-02-23 23:11:05,575 - INFO - Login Success username : op2
2025-02-24 00:16:01,734 - INFO - Login Success username : op2
